2020-12-19 22:53:15 -  - exec CUpdateClientPartner::SearchModulesEx
2020-12-19 22:53:15 -  - exec CUpdateClientPartner::__CollectRequestData
2020-12-19 22:53:15 -  - utf=Y&lang=ru&stable=Y&CANGZIP=Y&SUPD_DBS=MYSQL&XE=N&CLIENT_SITE=webstudia.local&LICENSE_KEY=X&SUPD_STS=1&SUPD_URS=0&SUPD_URSA=1&TYPENC=D&CLIENT_PHPVER=7.1.32&NGINX=Y&dbv=5.7.26&instm=main%2C20.200.300%2CY%3Bvote%2C20.100.100%2CN%3Bui%2C20.5.887%2CN%3Blanding%2C20.4.850%2CN%3Bmobileapp%2C20.5.0%2CN%3Bform%2C20.100.0%2CN%3Bperfmon%2C20.100.0%2CN%3Bscale%2C20.5.0%2CN%3Bbitrix.siteinfoportal%2C15.5.0%2CN%3Bhighloadblock%2C20.100.0%2CN%3Bsecurity%2C20.200.0%2CN%3Btranslate%2C20.100.0%2CN%3Bsocialservices%2C20.0.500%2CN%3Bphotogallery%2C20.5.0%2CN%3Bblog%2C20.100.100%2CN%3Bclouds%2C20.100.0%2CN%3Bsearch%2C20.5.0%2CN%3Biblock%2C20.0.1150%2CN%3Bforum%2C20.5.0%2CN%3Bsubscribe%2C20.5.0%2CN%3Bmessageservice%2C20.100.0%2CN%3Bbitrixcloud%2C20.5.0%2CN%3Bbitrix.sitecorporate%2C15.5.0%2CN%3Bbitrix.sitepersonal%2C15.5.0%2CN%3Bseo%2C20.0.400%2CN%3Bb24connector%2C20.5.0%2CN%3Brest%2C20.50.150%2CN%3Bfileman%2C20.5.0%2CN&search_module_id=&search_module=&search_category=7%2C14&search_type=&search_order=DESC&search_order_by=SORT&search_page=1&SUPD_SRS=RU&SUPD_CMP=N
2020-12-19 22:53:15 -  - exec CUpdateClientPartner::GetHTTPPage
2020-12-19 22:53:17 -  - TIME SearchModulesEx(request) 2.127 sec
2020-12-19 22:53:17 -  - exec CUpdateClientPartner::ParseServerData
2020-12-19 22:53:30 -  - exec CUpdateClientPartner::LoadModulesUpdates
2020-12-19 22:53:30 -  - exec CUpdateClientPartner::__CollectRequestData
2020-12-19 22:53:30 -  - utf=Y&lang=ru&stable=Y&CANGZIP=Y&SUPD_DBS=MYSQL&XE=N&CLIENT_SITE=webstudia.local&LICENSE_KEY=X&SUPD_STS=1&SUPD_URS=0&SUPD_URSA=1&TYPENC=D&CLIENT_PHPVER=7.1.32&NGINX=Y&dbv=5.7.26&instm=main%2C20.200.300%2CY%3Bvote%2C20.100.100%2CN%3Bui%2C20.5.887%2CN%3Blanding%2C20.4.850%2CN%3Bmobileapp%2C20.5.0%2CN%3Bform%2C20.100.0%2CN%3Bperfmon%2C20.100.0%2CN%3Bscale%2C20.5.0%2CN%3Bbitrix.siteinfoportal%2C15.5.0%2CN%3Bhighloadblock%2C20.100.0%2CN%3Bsecurity%2C20.200.0%2CN%3Btranslate%2C20.100.0%2CN%3Bsocialservices%2C20.0.500%2CN%3Bphotogallery%2C20.5.0%2CN%3Bblog%2C20.100.100%2CN%3Bclouds%2C20.100.0%2CN%3Bsearch%2C20.5.0%2CN%3Biblock%2C20.0.1150%2CN%3Bforum%2C20.5.0%2CN%3Bsubscribe%2C20.5.0%2CN%3Bmessageservice%2C20.100.0%2CN%3Bbitrixcloud%2C20.5.0%2CN%3Bbitrix.sitecorporate%2C15.5.0%2CN%3Bbitrix.sitepersonal%2C15.5.0%2CN%3Bseo%2C20.0.400%2CN%3Bb24connector%2C20.5.0%2CN%3Brest%2C20.50.150%2CN%3Bfileman%2C20.5.0%2CN&reqm=nsandrey.emptyinstall&lim=Y&SUPD_SRS=RU&SUPD_CMP=N
2020-12-19 22:53:30 -  - exec CUpdateClientPartner::GetHTTPPage
2020-12-19 22:53:30 -  - TIME LoadModulesUpdates(request) 0.403 sec
2020-12-19 22:53:30 -  - exec CUpdateClientPartner::ParseServerData
2020-12-19 22:53:30 - S - STEP
2020-12-19 22:53:30 - LM4W01 - loadModule4Wizard-Step
2020-12-19 22:53:31 -  - exec CUpdateClientPartner::LoadModulesUpdates
2020-12-19 22:53:31 -  - exec CUpdateClientPartner::ParseServerData
2020-12-19 22:53:31 -  - loadFile
2020-12-19 22:53:31 - U - RETURN
2020-12-19 22:53:31 -  - exec CUpdateClientPartner::UnGzipArchive
2020-12-19 22:53:31 -  - TIME UnGzipArchive 0.041 sec
2020-12-19 22:53:31 -  - TIME UpdateStepModules 0.044 sec
2020-12-19 22:53:31 -  - exec CUpdateClientPartner::LoadModulesUpdates
2020-12-19 22:53:31 -  - exec CUpdateClientPartner::__CollectRequestData
2020-12-19 22:53:31 -  - utf=Y&lang=ru&stable=Y&CANGZIP=Y&SUPD_DBS=MYSQL&XE=N&CLIENT_SITE=webstudia.local&LICENSE_KEY=X&SUPD_STS=1&SUPD_URS=0&SUPD_URSA=1&TYPENC=D&CLIENT_PHPVER=7.1.32&NGINX=Y&dbv=5.7.26&instm=main%2C20.200.300%2CY%3Bvote%2C20.100.100%2CN%3Bui%2C20.5.887%2CN%3Blanding%2C20.4.850%2CN%3Bmobileapp%2C20.5.0%2CN%3Bform%2C20.100.0%2CN%3Bperfmon%2C20.100.0%2CN%3Bscale%2C20.5.0%2CN%3Bbitrix.siteinfoportal%2C15.5.0%2CN%3Bhighloadblock%2C20.100.0%2CN%3Bsecurity%2C20.200.0%2CN%3Btranslate%2C20.100.0%2CN%3Bsocialservices%2C20.0.500%2CN%3Bphotogallery%2C20.5.0%2CN%3Bblog%2C20.100.100%2CN%3Bclouds%2C20.100.0%2CN%3Bsearch%2C20.5.0%2CN%3Biblock%2C20.0.1150%2CN%3Bforum%2C20.5.0%2CN%3Bsubscribe%2C20.5.0%2CN%3Bmessageservice%2C20.100.0%2CN%3Bbitrixcloud%2C20.5.0%2CN%3Bbitrix.sitecorporate%2C15.5.0%2CN%3Bbitrix.sitepersonal%2C15.5.0%2CN%3Bseo%2C20.0.400%2CN%3Bb24connector%2C20.5.0%2CN%3Bnsandrey.emptyinstall%2C1.0.5%2CN%3Brest%2C20.50.150%2CN%3Bfileman%2C20.5.0%2CN&reqm=nsandrey.emptyinstall&lim=Y&SUPD_SRS=RU&SUPD_CMP=N
2020-12-19 22:53:31 -  - exec CUpdateClientPartner::GetHTTPPage
2020-12-19 22:53:32 -  - TIME LoadModulesUpdates(request) 0.4 sec
2020-12-19 22:53:32 -  - exec CUpdateClientPartner::ParseServerData
2020-12-19 22:53:32 - STEP - Finish - NOUPDATES
2020-12-19 22:53:32 - LM4W03 - Finish - NOUPDATES
2020-12-19 22:54:35 -  - exec CUpdateClientPartner::__CollectRequestData
2020-12-19 22:54:35 -  - exec CUpdateClientPartner::GetHTTPPage
2020-12-19 22:54:36 -  - exec CUpdateClientPartner::ParseServerData
2020-12-19 22:54:36 -  - exec CUpdateClientPartner::GetUpdatesList
2020-12-19 22:54:36 -  - exec CUpdateClientPartner::__CollectRequestData
2020-12-19 22:54:36 -  - utf=Y&lang=ru&stable=Y&CANGZIP=Y&SUPD_DBS=MYSQL&XE=N&CLIENT_SITE=webstudia.local&LICENSE_KEY=X&SUPD_STS=1&SUPD_URS=0&SUPD_URSA=1&TYPENC=D&CLIENT_PHPVER=7.1.32&NGINX=Y&dbv=5.7.26&instm=main%2C20.200.300%2CY%3Bvote%2C20.100.100%2CN%3Bui%2C20.5.887%2CN%3Blanding%2C20.4.850%2CN%3Bmobileapp%2C20.5.0%2CN%3Bform%2C20.100.0%2CN%3Bperfmon%2C20.100.0%2CN%3Bscale%2C20.5.0%2CN%3Bbitrix.siteinfoportal%2C15.5.0%2CN%3Bhighloadblock%2C20.100.0%2CN%3Bsecurity%2C20.200.0%2CN%3Btranslate%2C20.100.0%2CN%3Bsocialservices%2C20.0.500%2CN%3Bphotogallery%2C20.5.0%2CN%3Bblog%2C20.100.100%2CN%3Bclouds%2C20.100.0%2CN%3Bsearch%2C20.5.0%2CN%3Biblock%2C20.0.1150%2CN%3Bforum%2C20.5.0%2CN%3Bsubscribe%2C20.5.0%2CN%3Bmessageservice%2C20.100.0%2CN%3Bbitrixcloud%2C20.5.0%2CN%3Bbitrix.sitecorporate%2C15.5.0%2CN%3Bbitrix.sitepersonal%2C15.5.0%2CN%3Bseo%2C20.0.400%2CN%3Bb24connector%2C20.5.0%2CN%3Bnsandrey.emptyinstall%2C1.0.5%2CN%3Brest%2C20.50.150%2CN%3Bfileman%2C20.5.0%2CN&reqm=bitrix.siteinfoportal%2Cbitrix.sitecorporate%2Cbitrix.sitepersonal%2Cnsandrey.emptyinstall&fullmoduleinfo=Y&SUPD_SRS=RU&SUPD_CMP=N
2020-12-19 22:54:36 -  - exec CUpdateClientPartner::GetHTTPPage
2020-12-19 22:54:36 -  - TIME GetUpdatesList(request) 0.293 sec
2020-12-19 22:54:36 -  - exec CUpdateClientPartner::ParseServerData
2020-12-19 22:54:36 -  - exec CUpdateClientPartner::__CollectRequestData
2020-12-19 22:54:36 -  - exec CUpdateClientPartner::GetHTTPPage
2020-12-19 22:54:36 -  - exec CUpdateClientPartner::ParseServerData
